Running main() from /home/dan-os/CLionProjects/OSProjects/HujiOS/Project-Ex2/submission/cmake-build-debug/tests/googletest-src/googletest/src/gtest_main.cc
Note: Google Test filter = Test3*
[==========] Running 1 test from 1 test suite.
[----------] Global test environment set-up.
[----------] 1 test from Test3
[ RUN      ] Test3.ThreadExecutionOrder
==22591==WARNING: ASan is ignoring requested __asan_handle_no_return: stack top: 0x7ffd12a15000; bottom 0x629000002000; size: 0x1d6d12a13000 (32354301194240)
False positive error reports may follow
For details see https://github.com/google/sanitizers/issues/189
/home/dan-os/CLionProjects/OSProjects/HujiOS/Project-Ex2/submission/tests/tests_to_be_ran_separately.cpp:273: Failure
Expected equality of these values:
  uthread_get_total_quantums()
    Which is: 7
  13
/home/dan-os/CLionProjects/OSProjects/HujiOS/Project-Ex2/submission/tests/tests_to_be_ran_separately.cpp:297: Failure
Expected equality of these values:
  quantumsToTids
    Which is: { (1, 0), (2, 1), (3, 2), (4, 0), (5, 0), (6, 0), (7, 0) }
  expectedQuantumsToTids
    Which is: { (1, 0), (2, 1), (3, 2), (4, 0), (5, 2), (6, 1), (7, 0), (8, 2), (9, 1), (10, 0), (11, 2), (12, 1), (13, 0) }
[  FAILED  ] Test3.ThreadExecutionOrder (27555 ms)
[----------] 1 test from Test3 (27555 ms total)

[----------] Global test environment tear-down
[==========] 1 test from 1 test suite ran. (27555 ms total)
[  PASSED  ] 0 tests.
[  FAILED  ] 1 test, listed below:
[  FAILED  ] Test3.ThreadExecutionOrder

 1 FAILED TEST
